<?xml version="1.0" encoding="UTF-8"?>
<testng-results ignored="0" total="2" passed="2" failed="0" skipped="0">
  <reporter-output>
  </reporter-output>
  <suite started-at="2021-03-11T16:02:18 IST" name="Default suite" finished-at="2021-03-11T16:02:18 IST" duration-ms="78">
    <groups>
    </groups>
    <test started-at="2021-03-11T16:02:18 IST" name="Default test" finished-at="2021-03-11T16:02:18 IST" duration-ms="78">
      <class name="com.comcast.contacttest.Createcontact">
        <test-method signature="CreateconactwithMoile()[pri:0, instance:com.comcast.contacttest.Createcontact@7748410a]" started-at="2021-03-11T16:02:18 IST" name="CreateconactwithMoile" finished-at="2021-03-11T16:02:18 IST" duration-ms="14" status="PASS">
          <reporter-output>
          </reporter-output>
        </test-method> <!-- CreateconactwithMoile -->
        <test-method signature="createcontact()[pri:0, instance:com.comcast.contacttest.Createcontact@7748410a]" started-at="2021-03-11T16:02:18 IST" name="createcontact" finished-at="2021-03-11T16:02:18 IST" duration-ms="1" status="PASS">
          <reporter-output>
          </reporter-output>
        </test-method> <!-- createcontact -->
      </class> <!-- com.comcast.contacttest.Createcontact -->
    </test> <!-- Default test -->
  </suite> <!-- Default suite -->
</testng-results>
